starting of the view all LoanApplication method
 ending of the view all LoanApplication method
 starting of the addLoanApplication method
 ending of the addLoanApplication method
 starting of the addLoanApplication method
 ending of the addLoanApplication method
 starting of the addLoanApplication method
 ending of the addLoanApplication method
 starting of the addLoanApplication method
 ending of the addLoanApplication method
 starting of the retrieve all LoanApplication method
 ending of the retrieve all LoanApplication method
 starting of the addLoanApplication method
 ending of the addLoanApplication method
 starting of the addLoanApplication method
 ending of the addLoanApplication method
 starting of the retrieve all LoanApplication method
 ending of the retrieve all LoanApplication method
 starting of the addLoanApplication method
 starting of the retrieve all LoanApplication method
 ending of the retrieve all LoanApplication method
 starting of the retrieveLoanApplicationById method
 ending of the retrieveLoanApplicationById method
 starting of the retrieve all LoanApplication method
 ending of the retrieve all LoanApplication method
 starting of the retrieveLoanApplicationById method
 ending of the retrieveLoanApplicationById method
 starting of the retrieve all LoanApplication method
 ending of the retrieve all LoanApplication method
 starting of the retrieveLoanApplicationById method
 ending of the retrieveLoanApplicationById method
 starting of the retrieveLoanApplicationById method
 starting of the retrieve all LoanApplication method
 ending of the retrieve all LoanApplication method
 starting of the retrieveLoanApplicationById method
 ending of the retrieveLoanApplicationById method
 starting of the retrieve all LoanApplication method
 ending of the retrieve all LoanApplication method
 starting of the retrieveLoanApplicationById method
 starting of the retrieve all LoanApplication method
 ending of the retrieve all LoanApplication method
 starting of the addLoanApplication method
 ending of the addLoanApplication method
 starting of the addLoanApplication method
 ending of the addLoanApplication method
 starting of the addLoanApplication method
 ending of the addLoanApplication method
 starting of the addLoanApplication method
 ending of the addLoanApplication method
 starting of the addLoanApplication method
 ending of the addLoanApplication method
 starting of the addLoanApplication method
 ending of the addLoanApplication method
 starting of the addLoanApplication method
 ending of the addLoanApplication method
 starting of the addLoanApplication method
 ending of the addLoanApplication method
 starting of the addLoanApplication method
 ending of the addLoanApplication method
 starting of the addLoanApplication method
 starting of the addLoanApplication method
 ending of the addLoanApplication method
 ending of the addLoanApplication method
 starting of the addLoanApplication method
 ending of the addLoanApplication method
 starting of the addLoanApplication method
 ending of the addLoanApplication method
 starting of the addLoanApplication method
 ending of the addLoanApplication method
 starting of the addLoanApplication method
 starting of the addLoanApplication method
 ending of the addLoanApplication method
 starting of the addLoanApplication method
 starting of the addLoanApplication method
 starting of the addLoanApplication method
 ending of the addLoanApplication method
 starting of the addLoanApplication method
 starting of the addLoanApplication method
 starting of the addLoanApplication method
 ending of the addLoanApplication method
 starting of the addLoanApplication method
 starting of the addLoanApplication method
 starting of the retrieveLoanApplicationById method
 ending of the retrieveLoanApplicationById method
 starting of the addLoanApplication method
 ending of the addLoanApplication method
 starting of the addLoanApplication method
 starting of the addLoanApplication method
 starting of the retrieveLoanApplicationById method
 ending of the retrieveLoanApplicationById method
 starting of the addLoanApplication method
 ending of the addLoanApplication method
 starting of the addLoanApplication method
 starting of the addLoanApplication method
 starting of the retrieveLoanApplicationById method
 ending of the retrieveLoanApplicationById method
 starting of the addLoanApplication method
 ending of the addLoanApplication method
 starting of the addLoanApplication method
 starting of the addLoanApplication method
 starting of the retrieveLoanApplicationById method
 ending of the retrieveLoanApplicationById method
 starting of the addLoanApplication method
 ending of the addLoanApplication method
 starting of the addLoanApplication method
 starting of the addLoanApplication method
 starting of the retrieveLoanApplicationById method
 ending of the retrieveLoanApplicationById method
 starting of the addLoanApplication method
 ending of the addLoanApplication method
 starting of the addLoanApplication method
 starting of the addLoanApplication method
 starting of the retrieveLoanApplicationById method
 starting of the addLoanApplication method
 ending of the addLoanApplication method
 starting of the addLoanApplication method
 starting of the addLoanApplication method
 starting of the retrieveLoanApplicationById method
 ending of the retrieveLoanApplicationById method
 starting of the addLoanApplication method
 ending of the addLoanApplication method
 starting of the addLoanApplication method
 starting of the addLoanApplication method
 starting of the retrieveLoanApplicationById method
 ending of the retrieveLoanApplicationById method
 starting of the addLoanApplication method
 ending of the addLoanApplication method
 starting of the addLoanApplication method
 starting of the addLoanApplication method
 starting of the addLoanApplication method
 ending of the addLoanApplication method
 starting of the addLoanApplication method
 starting of the addLoanApplication method
 starting of the retrieveLoanApplicationById method
 ending of the retrieveLoanApplicationById method
 starting of the addLoanApplication method
 ending of the addLoanApplication method
 starting of the addLoanApplication method
 starting of the addLoanApplication method
 starting of the retrieveLoanApplicationById method
 ending of the retrieveLoanApplicationById method
 starting of the addLoanApplication method
 ending of the addLoanApplication method
 starting of the addLoanApplication method
 starting of the addLoanApplication method
 starting of the retrieveLoanApplicationById method
 ending of the retrieveLoanApplicationById method
 starting of the retrieve all LoanApplication method
 ending of the retrieve all LoanApplication method
 starting of the retrieve all LoanApplication method
 ending of the retrieve all LoanApplication method
 starting of the addLoanApplication method
 ending of the addLoanApplication method
 starting of the addLoanApplication method
 ending of the addLoanApplication method
 starting of the updateLoanApplication method
 ending of the updateLoanApplication method
 starting of the retrieve all LoanApplication method
 ending of the retrieve all LoanApplication method
 starting of the deleteLoanApplication method
 ending of the deleteLoanApplication method
 starting of the retrieve all LoanApplication method
 ending of the retrieve all LoanApplication method
 starting of the retrieveLoanApplicationById method
 ending of the retrieveLoanApplicationById method
 starting of the retrieveLoanApplicationById method
 starting of the addLoanApplication method
 ending of the addLoanApplication method
 starting of the addLoanApplication method
 starting of the addLoanApplication method
 starting of the retrieveLoanApplicationById method
 ending of the retrieveLoanApplicationById method
 starting of the retrieve all LoanApplication method
 ending of the retrieve all LoanApplication method
 starting of the addLoanApplication method
 ending of the addLoanApplication method
 starting of the retrieve all LoanApplication method
 ending of the retrieve all LoanApplication method
 starting of the addLoanApplication method
 ending of the addLoanApplication method
 starting of the addLoanApplication method
 ending of the addLoanApplication method
 starting of the addLoanApplication method
 ending of the addLoanApplication method
 starting of the addLoanApplication method
 starting of the addLoanApplication method
 starting of the retrieveLoanApplicationById method
 ending of the retrieveLoanApplicationById method
 starting of the retrieveLoanApplicationById method
 starting of the addLoanApplication method
 ending of the addLoanApplication method
 starting of the addLoanApplication method
 starting of the addLoanApplication method
 starting of the retrieveLoanApplicationById method
 ending of the retrieveLoanApplicationById method
 starting of the addLoanApplication method
 ending of the addLoanApplication method
 starting of the addLoanApplication method
 starting of the addLoanApplication method
 starting of the retrieveLoanApplicationById method
 ending of the retrieveLoanApplicationById method
 starting of the retrieveLoanApplicationById method
 starting of the addLoanApplication method
 ending of the addLoanApplication method
 starting of the addLoanApplication method
 starting of the addLoanApplication method
 starting of the retrieveLoanApplicationById method
 ending of the retrieveLoanApplicationById method
 starting of the retrieveLoanApplicationById method
 starting of the addLoanApplication method
 ending of the addLoanApplication method
 starting of the addLoanApplication method
 starting of the addLoanApplication method
 starting of the retrieveLoanApplicationById method
 ending of the retrieveLoanApplicationById method
 starting of the retrieveLoanApplicationById method
 starting of the addLoanApplication method
 ending of the addLoanApplication method
 starting of the addLoanApplication method
 starting of the addLoanApplication method
 starting of the retrieveLoanApplicationById method
 ending of the retrieveLoanApplicationById method
 starting of the retrieveLoanApplicationById method
 starting of the addLoanApplication method
 ending of the addLoanApplication method
 starting of the addLoanApplication method
 starting of the addLoanApplication method
 starting of the retrieveLoanApplicationById method
 ending of the retrieveLoanApplicationById method
 starting of the retrieveLoanApplicationById method
 starting of the addLoanApplication method
 ending of the addLoanApplication method
 starting of the addLoanApplication method
 starting of the addLoanApplication method
 starting of the retrieveLoanApplicationById method
 ending of the retrieveLoanApplicationById method
 starting of the retrieveLoanApplicationById method
 starting of the updateLoanApplication method
 starting of the addLoanApplication method
 ending of the addLoanApplication method
 starting of the addLoanApplication method
 starting of the addLoanApplication method
 starting of the retrieveLoanApplicationById method
 ending of the retrieveLoanApplicationById method
 starting of the retrieveLoanApplicationById method
 starting of the updateLoanApplication method
 starting of the addLoanApplication method
 ending of the addLoanApplication method
 starting of the addLoanApplication method
 starting of the addLoanApplication method
 starting of the retrieveLoanApplicationById method
 ending of the retrieveLoanApplicationById method
 starting of the retrieveLoanApplicationById method
 starting of the updateLoanApplication method
 starting of the addLoanApplication method
 ending of the addLoanApplication method
 starting of the addLoanApplication method
 starting of the addLoanApplication method
 starting of the retrieveLoanApplicationById method
 ending of the retrieveLoanApplicationById method
 starting of the retrieveLoanApplicationById method
 starting of the addLoanApplication method
 ending of the addLoanApplication method
 starting of the addLoanApplication method
 starting of the addLoanApplication method
 starting of the retrieveLoanApplicationById method
 ending of the retrieveLoanApplicationById method
 starting of the retrieveLoanApplicationById method
 starting of the addLoanApplication method
 ending of the addLoanApplication method
 starting of the addLoanApplication method
 starting of the addLoanApplication method
 starting of the retrieveLoanApplicationById method
 ending of the retrieveLoanApplicationById method
 starting of the retrieveLoanApplicationById method
 starting of the updateLoanApplication method
 ending of the updateLoanApplication method
 starting of the addLoanApplication method
 ending of the addLoanApplication method
 starting of the addLoanApplication method
 starting of the addLoanApplication method
 starting of the retrieveLoanApplicationById method
 ending of the retrieveLoanApplicationById method
 starting of the retrieveLoanApplicationById method
 starting of the updateLoanApplication method
 ending of the updateLoanApplication method
 starting of the updateLoanApplication method
 starting of the addLoanApplication method
 ending of the addLoanApplication method
 starting of the addLoanApplication method
 starting of the addLoanApplication method
 starting of the retrieveLoanApplicationById method
 ending of the retrieveLoanApplicationById method
 starting of the retrieveLoanApplicationById method
 ending of the retrieveLoanApplicationById method
 starting of the updateLoanApplication method
 ending of the updateLoanApplication method
 starting of the updateLoanApplication method
 starting of the addLoanApplication method
 ending of the addLoanApplication method
 starting of the addLoanApplication method
 starting of the addLoanApplication method
 starting of the retrieveLoanApplicationById method
 ending of the retrieveLoanApplicationById method
 starting of the retrieveLoanApplicationById method
 starting of the updateLoanApplication method
 ending of the updateLoanApplication method
 starting of the updateLoanApplication method
 starting of the addLoanApplication method
 ending of the addLoanApplication method
 starting of the addLoanApplication method
 starting of the addLoanApplication method
 starting of the retrieveLoanApplicationById method
 ending of the retrieveLoanApplicationById method
 starting of the retrieveLoanApplicationById method
 starting of the updateLoanApplication method
 starting of the updateLoanApplication method
 starting of the addLoanApplication method
 ending of the addLoanApplication method
 starting of the addLoanApplication method
 starting of the addLoanApplication method
 starting of the retrieveLoanApplicationById method
 ending of the retrieveLoanApplicationById method
 starting of the retrieveLoanApplicationById method
 starting of the updateLoanApplication method
 ending of the updateLoanApplication method
 starting of the updateLoanApplication method
 starting of the addLoanApplication method
 ending of the addLoanApplication method
 starting of the addLoanApplication method
 starting of the addLoanApplication method
 starting of the retrieveLoanApplicationById method
 ending of the retrieveLoanApplicationById method
 starting of the retrieveLoanApplicationById method
 starting of the updateLoanApplication method
 ending of the updateLoanApplication method
 starting of the updateLoanApplication method
 starting of the addLoanApplication method
 ending of the addLoanApplication method
 starting of the addLoanApplication method
 starting of the addLoanApplication method
 starting of the retrieveLoanApplicationById method
 ending of the retrieveLoanApplicationById method
 starting of the retrieveLoanApplicationById method
 starting of the updateLoanApplication method
 ending of the updateLoanApplication method
 starting of the updateLoanApplication method
 starting of the addLoanApplication method
 ending of the addLoanApplication method
 starting of the addLoanApplication method
 starting of the addLoanApplication method
 starting of the retrieveLoanApplicationById method
 ending of the retrieveLoanApplicationById method
 starting of the retrieveLoanApplicationById method
 starting of the deleteLoanApplication method
 ending of the deleteLoanApplication method
 starting of the updateLoanApplication method
 ending of the updateLoanApplication method
 starting of the updateLoanApplication method
 starting of the addLoanApplication method
 ending of the addLoanApplication method
 starting of the addLoanApplication method
 starting of the addLoanApplication method
 starting of the retrieveLoanApplicationById method
 ending of the retrieveLoanApplicationById method
 starting of the retrieveLoanApplicationById method
 starting of the deleteLoanApplication method
 ending of the deleteLoanApplication method
 starting of the updateLoanApplication method
 ending of the updateLoanApplication method
 starting of the updateLoanApplication method
 starting of the addLoanApplication method
 ending of the addLoanApplication method
 starting of the addLoanApplication method
 starting of the addLoanApplication method
 starting of the retrieveLoanApplicationById method
 ending of the retrieveLoanApplicationById method
 starting of the retrieveLoanApplicationById method
 starting of the deleteLoanApplication method
 ending of the deleteLoanApplication method
 starting of the updateLoanApplication method
 ending of the updateLoanApplication method
 starting of the updateLoanApplication method
 starting of the addLoanApplication method
 ending of the addLoanApplication method
 starting of the addLoanApplication method
 starting of the addLoanApplication method
 starting of the retrieveLoanApplicationById method
 ending of the retrieveLoanApplicationById method
 starting of the retrieveLoanApplicationById method
 starting of the deleteLoanApplication method
 ending of the deleteLoanApplication method
 starting of the updateLoanApplication method
 starting of the updateLoanApplication method
 ending of the updateLoanApplication method
 starting of the updateLoanApplication method
 starting of the addLoanApplication method
 ending of the addLoanApplication method
 starting of the addLoanApplication method
 starting of the addLoanApplication method
 starting of the retrieveLoanApplicationById method
 ending of the retrieveLoanApplicationById method
 starting of the retrieveLoanApplicationById method
 starting of the deleteLoanApplication method
 ending of the deleteLoanApplication method
 starting of the updateLoanApplication method
 starting of the updateLoanApplication method
 ending of the updateLoanApplication method
 starting of the updateLoanApplication method
 starting of the addLoanApplication method
 ending of the addLoanApplication method
 starting of the addLoanApplication method
 starting of the addLoanApplication method
 starting of the retrieveLoanApplicationById method
 ending of the retrieveLoanApplicationById method
 starting of the retrieveLoanApplicationById method
 starting of the retrieve all LoanApplication method
 starting of the deleteLoanApplication method
 ending of the deleteLoanApplication method
 starting of the updateLoanApplication method
 starting of the updateLoanApplication method
 ending of the updateLoanApplication method
 starting of the updateLoanApplication method
 starting of the addLoanApplication method
 ending of the addLoanApplication method
 starting of the addLoanApplication method
 starting of the addLoanApplication method
 starting of the retrieveLoanApplicationById method
 ending of the retrieveLoanApplicationById method
 starting of the retrieveLoanApplicationById method
 starting of the retrieve all LoanApplication method
 starting of the deleteLoanApplication method
 ending of the deleteLoanApplication method
 starting of the updateLoanApplication method
 starting of the updateLoanApplication method
 ending of the updateLoanApplication method
 starting of the updateLoanApplication method
 starting of the addLoanApplication method
 ending of the addLoanApplication method
 starting of the addLoanApplication method
 starting of the addLoanApplication method
 starting of the retrieveLoanApplicationById method
 ending of the retrieveLoanApplicationById method
 starting of the retrieveLoanApplicationById method
 starting of the retrieve all LoanApplication method
 starting of the retrieve all LoanApplication method
 starting of the deleteLoanApplication method
 ending of the deleteLoanApplication method
 starting of the updateLoanApplication method
 starting of the updateLoanApplication method
 ending of the updateLoanApplication method
 starting of the updateLoanApplication method
 starting of the addLoanApplication method
 ending of the addLoanApplication method
 starting of the addLoanApplication method
 starting of the addLoanApplication method
 starting of the retrieveLoanApplicationById method
 ending of the retrieveLoanApplicationById method
 starting of the retrieveLoanApplicationById method
 starting of the retrieve all LoanApplication method
 starting of the deleteLoanApplication method
 ending of the deleteLoanApplication method
 starting of the updateLoanApplication method
 starting of the updateLoanApplication method
 ending of the updateLoanApplication method
 starting of the updateLoanApplication method
 starting of the addLoanApplication method
 ending of the addLoanApplication method
 starting of the addLoanApplication method
 starting of the addLoanApplication method
 starting of the retrieveLoanApplicationById method
 ending of the retrieveLoanApplicationById method
 starting of the retrieveLoanApplicationById method
 starting of the retrieve all LoanApplication method
 starting of the retrieve all LoanApplication method
 ending of the retrieve all LoanApplication method
 starting of the deleteLoanApplication method
 ending of the deleteLoanApplication method
 starting of the updateLoanApplication method
 starting of the updateLoanApplication method
 ending of the updateLoanApplication method
 starting of the updateLoanApplication method
 starting of the addLoanApplication method
 ending of the addLoanApplication method
 starting of the addLoanApplication method
 starting of the addLoanApplication method
 starting of the retrieveLoanApplicationById method
 ending of the retrieveLoanApplicationById method
 starting of the retrieveLoanApplicationById method
 starting of the retrieve all LoanApplication method
 starting of the retrieve all LoanApplication method
 ending of the retrieve all LoanApplication method
 starting of the deleteLoanApplication method
 ending of the deleteLoanApplication method
 starting of the updateLoanApplication method
 starting of the updateLoanApplication method
 ending of the updateLoanApplication method
 starting of the updateLoanApplication method
 starting of the retrieve all LoanApplication method
 ending of the retrieve all LoanApplication method
 starting of the addLoanApplication method
 ending of the addLoanApplication method
 starting of the addLoanApplication method
 starting of the retrieveLoanApplicationById method
 ending of the retrieveLoanApplicationById method
 starting of the view all customers method
 end of the view all customers method
 starting of the view all customers method
 end of the view all customers method
 starting of the retrieve all LoanApplication method
 ending of the retrieve all LoanApplication method
 starting of the retrieveLoanApplicationById method
 ending of the retrieveLoanApplicationById method
 starting of the retrieveLoanApplicationById method
 starting of the retrieve all LoanApplication method
 starting of the retrieve all LoanApplication method
 starting of the updateLoanApplication method
 starting of the addLoanApplication method
 ending of the addLoanApplication method
 starting of the retrieve all LoanApplication method
 starting of the retrieveLoanApplicationById method
 ending of the retrieveLoanApplicationById method
 starting of the retrieveLoanApplicationById method
 ending of the retrieveLoanApplicationById method
 starting of the addLoanApplication method
 ending of the addLoanApplication method
 starting of the retrieveLoanApplicationById method
 ending of the retrieveLoanApplicationById method
 starting of the deleteLoanApplication method
 ending of the deleteLoanApplication method
 starting of the addLoanApplication method
 starting of the retrieve all LoanApplication method
 ending of the retrieve all LoanApplication method
 starting of the addLoanApplication method
 starting of the addLoanApplication method
 ending of the addLoanApplication method
 starting of the retrieveLoanApplicationById method
 ending of the retrieveLoanApplicationById method
 starting of the deleteLoanApplication method
 ending of the deleteLoanApplication method
 starting of the retrieve all LoanApplication method
 ending of the retrieve all LoanApplication method
 starting of the retrieve all LoanApplication method
 ending of the retrieve all LoanApplication method
 starting of the addLoanApplication method
 starting of the addLoanApplication method
 ending of the addLoanApplication method
 starting of the retrieve all LoanApplication method
 ending of the retrieve all LoanApplication method
 starting of the deleteLoanApplication method
 ending of the deleteLoanApplication method
 starting of the deleteLoanApplication method
 ending of the deleteLoanApplication method
 starting of the deleteLoanApplication method
 ending of the deleteLoanApplication method
 starting of the deleteLoanApplication method
 ending of the deleteLoanApplication method
 starting of the retrieve all LoanApplication method
 ending of the retrieve all LoanApplication method
 starting of the deleteLoanApplication method
 ending of the deleteLoanApplication method
 starting of the deleteLoanApplication method
 ending of the deleteLoanApplication method
 starting of the deleteLoanApplication method
 ending of the deleteLoanApplication method
 starting of the deleteLoanApplication method
 ending of the deleteLoanApplication method
 starting of the deleteLoanApplication method
 ending of the deleteLoanApplication method
 starting of the deleteLoanApplication method
 ending of the deleteLoanApplication method
 starting of the retrieveLoanApplicationById method
 starting of the retrieve all LoanApplication method
 ending of the retrieve all LoanApplication method
 starting of the addLoanApplication method
 starting of the addLoanApplication method
 starting of the addLoanApplication method
 starting of the retrieveLoanApplicationById method
 ending of the retrieveLoanApplicationById method
 starting of the retrieveLoanApplicationById method
 starting of the retrieve all LoanApplication method
 starting of the retrieve all LoanApplication method
 starting of the deleteLoanApplication method
 ending of the deleteLoanApplication method
 starting of the updateLoanApplication method
 starting of the updateLoanApplication method
 starting of the updateLoanApplication method
 starting of the addLoanApplication method
 ending of the addLoanApplication method
 starting of the retrieve all LoanApplication method
 ending of the retrieve all LoanApplication method
 starting of the retrieveLoanApplicationById method
 ending of the retrieveLoanApplicationById method
 starting of the addLoanApplication method
 ending of the addLoanApplication method
 starting of the addLoanApplication method
 starting of the addLoanApplication method
 starting of the retrieveLoanApplicationById method
 ending of the retrieveLoanApplicationById method
 starting of the retrieveLoanApplicationById method
 starting of the retrieve all LoanApplication method
 starting of the retrieve all LoanApplication method
 starting of the deleteLoanApplication method
 ending of the deleteLoanApplication method
 starting of the updateLoanApplication method
 starting of the updateLoanApplication method
 starting of the updateLoanApplication method
 starting of the addLoanApplication method
 ending of the addLoanApplication method
 starting of the addLoanApplication method
 starting of the addLoanApplication method
 starting of the retrieveLoanApplicationById method
 ending of the retrieveLoanApplicationById method
 starting of the retrieveLoanApplicationById method
 starting of the retrieve all LoanApplication method
 starting of the retrieve all LoanApplication method
 ending of the retrieve all LoanApplication method
 starting of the deleteLoanApplication method
 ending of the deleteLoanApplication method
 starting of the updateLoanApplication method
 starting of the updateLoanApplication method
 ending of the updateLoanApplication method
 starting of the updateLoanApplication method
 starting of the addLoanApplication method
 ending of the addLoanApplication method
 starting of the addLoanApplication method
 ending of the addLoanApplication method
 starting of the addLoanApplication method
 ending of the addLoanApplication method
 starting of the retrieve all LoanApplication method
 ending of the retrieve all LoanApplication method
 